2025-11-16 13:22:42 - services.pdf_service - INFO - PDF Service initialized
2025-11-16 22:00:55 - services.pdf_service - INFO - PDF Service initialized
2025-11-18 16:26:27 - services.pdf_service - INFO - PDF Service initialized
2025-11-18 11:13:33 - services.pdf_service - INFO - PDF Service initialized
2025-11-18 11:14:07 - services.pdf_service - INFO - Converting page 1 of C:\xampp\htdocs\migration_manager_crm\storage\app\tmp_691c07a69e3be.pdf at 150 DPI
2025-11-18 11:14:07 - services.pdf_service - INFO - Successfully converted page 1
2025-11-18 11:16:47 - services.pdf_service - INFO - Converting page 1 of C:\xampp\htdocs\migration_manager_crm\storage\app\tmp_691c0845dca45.pdf at 72 DPI
2025-11-18 11:16:47 - services.pdf_service - INFO - Successfully converted page 1
2025-11-18 11:16:55 - services.pdf_service - INFO - Adding 1 signatures to PDF
2025-11-18 11:16:55 - services.pdf_service - INFO - Signatures added successfully: C:\xampp\htdocs\migration_manager_crm\storage\app\tmp_691c084f33ef3_signed.pdf
2025-11-18 13:42:54 - services.pdf_service - INFO - Converting page 1 of C:\xampp\htdocs\migration_manager_crm\storage\app\tmp_691c2a85ab051.pdf at 150 DPI
2025-11-18 13:42:54 - services.pdf_service - INFO - Successfully converted page 1
2025-11-18 13:43:54 - services.pdf_service - INFO - Converting page 1 of C:\xampp\htdocs\migration_manager_crm\storage\app\tmp_691c2ac1862e0.pdf at 72 DPI
2025-11-18 13:43:54 - services.pdf_service - INFO - Successfully converted page 1
2025-11-18 13:44:05 - services.pdf_service - INFO - Adding 1 signatures to PDF
2025-11-18 13:44:05 - services.pdf_service - INFO - Signatures added successfully: C:\xampp\htdocs\migration_manager_crm\storage\app\tmp_691c2accb2950_signed.pdf
2025-12-12 18:40:38 - services.pdf_service - INFO - PDF Service initialized
2025-12-12 18:40:44 - services.pdf_service - INFO - Converting page 1 of C:\xampp\htdocs\migrationmanager\storage\app\tmp_693bc6fc8bf9f.pdf at 150 DPI
2025-12-12 18:40:44 - services.pdf_service - INFO - Successfully converted page 1
2025-12-12 18:40:54 - services.pdf_service - INFO - Converting page 12 of C:\xampp\htdocs\migrationmanager\storage\app\tmp_693bc7064f968.pdf at 150 DPI
2025-12-12 18:40:54 - services.pdf_service - INFO - Successfully converted page 12
2025-12-12 18:41:05 - services.pdf_service - INFO - Converting page 11 of C:\xampp\htdocs\migrationmanager\storage\app\tmp_693bc711502a1.pdf at 150 DPI
2025-12-12 18:41:05 - services.pdf_service - INFO - Successfully converted page 11
2025-12-12 18:41:07 - services.pdf_service - INFO - Converting page 10 of C:\xampp\htdocs\migrationmanager\storage\app\tmp_693bc712d198f.pdf at 150 DPI
2025-12-12 18:41:07 - services.pdf_service - INFO - Successfully converted page 10
2025-12-12 18:41:08 - services.pdf_service - INFO - Converting page 9 of C:\xampp\htdocs\migrationmanager\storage\app\tmp_693bc7143775a.pdf at 150 DPI
2025-12-12 18:41:08 - services.pdf_service - INFO - Successfully converted page 9
2025-12-12 18:41:09 - services.pdf_service - INFO - Converting page 8 of C:\xampp\htdocs\migrationmanager\storage\app\tmp_693bc715aa9c6.pdf at 150 DPI
2025-12-12 18:41:09 - services.pdf_service - INFO - Successfully converted page 8
2025-12-12 18:42:23 - services.pdf_service - INFO - Converting page 1 of C:\xampp\htdocs\migrationmanager\storage\app\tmp_693bc75ef0d2b.pdf at 72 DPI
2025-12-12 18:42:23 - services.pdf_service - INFO - Successfully converted page 1
2025-12-12 18:42:25 - services.pdf_service - INFO - Converting page 2 of C:\xampp\htdocs\migrationmanager\storage\app\tmp_693bc7609b4a5.pdf at 72 DPI
2025-12-12 18:42:25 - services.pdf_service - INFO - Successfully converted page 2
2025-12-12 18:42:26 - services.pdf_service - INFO - Converting page 3 of C:\xampp\htdocs\migrationmanager\storage\app\tmp_693bc7623faaf.pdf at 72 DPI
2025-12-12 18:42:26 - services.pdf_service - INFO - Successfully converted page 3
2025-12-12 18:42:28 - services.pdf_service - INFO - Converting page 4 of C:\xampp\htdocs\migrationmanager\storage\app\tmp_693bc763ef8bb.pdf at 72 DPI
2025-12-12 18:42:28 - services.pdf_service - INFO - Successfully converted page 4
2025-12-12 18:42:30 - services.pdf_service - INFO - Converting page 5 of C:\xampp\htdocs\migrationmanager\storage\app\tmp_693bc76599a0f.pdf at 72 DPI
2025-12-12 18:42:30 - services.pdf_service - INFO - Successfully converted page 5
2025-12-12 18:42:31 - services.pdf_service - INFO - Converting page 6 of C:\xampp\htdocs\migrationmanager\storage\app\tmp_693bc76751575.pdf at 72 DPI
2025-12-12 18:42:31 - services.pdf_service - INFO - Successfully converted page 6
2025-12-12 18:42:33 - services.pdf_service - INFO - Converting page 7 of C:\xampp\htdocs\migrationmanager\storage\app\tmp_693bc769295be.pdf at 72 DPI
2025-12-12 18:42:33 - services.pdf_service - INFO - Successfully converted page 7
2025-12-12 18:42:35 - services.pdf_service - INFO - Converting page 8 of C:\xampp\htdocs\migrationmanager\storage\app\tmp_693bc76b0f83e.pdf at 72 DPI
2025-12-12 18:42:35 - services.pdf_service - INFO - Successfully converted page 8
2025-12-12 18:42:37 - services.pdf_service - INFO - Converting page 9 of C:\xampp\htdocs\migrationmanager\storage\app\tmp_693bc76d01da8.pdf at 72 DPI
2025-12-12 18:42:37 - services.pdf_service - INFO - Successfully converted page 9
2025-12-12 18:42:39 - services.pdf_service - INFO - Converting page 10 of C:\xampp\htdocs\migrationmanager\storage\app\tmp_693bc76edda0d.pdf at 72 DPI
2025-12-12 18:42:39 - services.pdf_service - INFO - Successfully converted page 10
2025-12-12 18:42:41 - services.pdf_service - INFO - Converting page 11 of C:\xampp\htdocs\migrationmanager\storage\app\tmp_693bc77140118.pdf at 72 DPI
2025-12-12 18:42:41 - services.pdf_service - INFO - Successfully converted page 11
2025-12-12 18:42:43 - services.pdf_service - INFO - Converting page 12 of C:\xampp\htdocs\migrationmanager\storage\app\tmp_693bc773010ba.pdf at 72 DPI
2025-12-12 18:42:43 - services.pdf_service - INFO - Successfully converted page 12
2025-12-12 18:42:51 - services.pdf_service - INFO - Adding 1 signatures to PDF
2025-12-12 18:42:51 - services.pdf_service - INFO - Signatures added successfully: C:\xampp\htdocs\migrationmanager\storage\app\tmp_693bc77b0ce96_signed.pdf
